[debug] [2025-09-24T18:14:36.592Z] ----------------------------------------------------------------------
[debug] [2025-09-24T18:14:36.593Z] Command:       C:\Program Files\nodejs\node.exe C:\Users\dprit\AppData\Roaming\npm\node_modules\firebase-tools\lib\bin\firebase.js init
[debug] [2025-09-24T18:14:36.594Z] CLI Version:   14.17.0
[debug] [2025-09-24T18:14:36.594Z] Platform:      win32
[debug] [2025-09-24T18:14:36.594Z] Node Version:  v22.15.0
[debug] [2025-09-24T18:14:36.594Z] Time:          Wed Sep 24 2025 23:44:36 GMT+0530 (India Standard Time)
[debug] [2025-09-24T18:14:36.594Z] ----------------------------------------------------------------------
[debug] 
[debug] [2025-09-24T18:14:36.597Z] > command requires scopes: ["email","openid","https://www.googleapis.com/auth/cloudplatformprojects.readonly","https://www.googleapis.com/auth/firebase","https://www.googleapis.com/auth/cloud-platform"]
[debug] [2025-09-24T18:14:36.598Z] > authorizing via signed-in user (dpritam28577@gmail.com)
[info] 
     ######## #### ########  ######## ########     ###     ######  ########
     ##        ##  ##     ## ##       ##     ##  ##   ##  ##       ##
     ######    ##  ########  ######   ########  #########  ######  ######
     ##        ##  ##    ##  ##       ##     ## ##     ##       ## ##
     ##       #### ##     ## ######## ########  ##     ##  ######  ########

You're about to initialize a Firebase project in this directory:

  E:\ailocaly\OCR-2.0

[debug] [2025-09-24T18:15:10.843Z] ExitPromptError: User force closed the prompt with SIGINT
    at Interface.sigint (C:\Users\dprit\AppData\Roaming\npm\node_modules\firebase-tools\node_modules\@inquirer\core\dist\commonjs\lib\create-prompt.js:101:37)
    at Interface.emit (node:events:518:28)
    at Interface.emit (node:domain:489:12)
    at [_ttyWrite] [as _ttyWrite] (node:internal/readline/interface:1128:18)
    at ReadStream.onkeypress (node:internal/readline/interface:267:20)
    at ReadStream.emit (node:events:530:35)
    at ReadStream.emit (node:domain:489:12)
    at emitKeys (node:internal/readline/utils:370:14)
    at emitKeys.next (<anonymous>)
    at ReadStream.onData (node:internal/readline/emitKeypressEvents:64:36)
[error] 
[error] Error: An unexpected error has occurred.
[debug] [2025-09-24T18:15:22.933Z] ----------------------------------------------------------------------
[debug] [2025-09-24T18:15:22.935Z] Command:       C:\Program Files\nodejs\node.exe C:\Users\dprit\AppData\Roaming\npm\node_modules\firebase-tools\lib\bin\firebase.js init
[debug] [2025-09-24T18:15:22.935Z] CLI Version:   14.17.0
[debug] [2025-09-24T18:15:22.935Z] Platform:      win32
[debug] [2025-09-24T18:15:22.935Z] Node Version:  v22.15.0
[debug] [2025-09-24T18:15:22.935Z] Time:          Wed Sep 24 2025 23:45:22 GMT+0530 (India Standard Time)
[debug] [2025-09-24T18:15:22.935Z] ----------------------------------------------------------------------
[debug] 
[debug] [2025-09-24T18:15:22.938Z] > command requires scopes: ["email","openid","https://www.googleapis.com/auth/cloudplatformprojects.readonly","https://www.googleapis.com/auth/firebase","https://www.googleapis.com/auth/cloud-platform"]
[debug] [2025-09-24T18:15:22.939Z] > authorizing via signed-in user (dpritam28577@gmail.com)
[info] 
     ######## #### ########  ######## ########     ###     ######  ########
     ##        ##  ##     ## ##       ##     ##  ##   ##  ##       ##
     ######    ##  ########  ######   ########  #########  ######  ######
     ##        ##  ##    ##  ##       ##     ## ##     ##       ## ##
     ##       #### ##     ## ######## ########  ##     ##  ######  ########

You're about to initialize a Firebase project in this directory:

  E:\ailocaly\OCR-2.0

[info] 
=== Project Setup
[info] 
[info] First, let's associate this project directory with a Firebase project.
[info] You can create multiple project aliases by running firebase use --add, 
[info] but for now we'll just set up a default project.
[info] 
[debug] [2025-09-24T18:15:42.730Z] Checked if tokens are valid: true, expires at: 1758741251149
[debug] [2025-09-24T18:15:42.730Z] Checked if tokens are valid: true, expires at: 1758741251149
[debug] [2025-09-24T18:15:42.731Z] >>> [apiv2][query] GET https://firebase.googleapis.com/v1beta1/projects pageSize=100
[debug] [2025-09-24T18:15:43.738Z] <<< [apiv2][status] GET https://firebase.googleapis.com/v1beta1/projects 200
[debug] [2025-09-24T18:15:43.738Z] <<< [apiv2][body] GET https://firebase.googleapis.com/v1beta1/projects [omitted]
[info] i  Using project encoded-joy-472514-n7 (ocr-ai) 
[info] 
=== Dataconnect Setup
[debug] [2025-09-24T18:15:45.709Z] Checked if tokens are valid: true, expires at: 1758741251149
[debug] [2025-09-24T18:15:45.709Z] Checked if tokens are valid: true, expires at: 1758741251149
[debug] [2025-09-24T18:15:45.709Z] >>> [apiv2][query] GET https://cloudbilling.googleapis.com/v1/projects/encoded-joy-472514-n7/billingInfo [none]
[debug] [2025-09-24T18:15:47.918Z] <<< [apiv2][status] GET https://cloudbilling.googleapis.com/v1/projects/encoded-joy-472514-n7/billingInfo 200
[debug] [2025-09-24T18:15:47.918Z] <<< [apiv2][body] GET https://cloudbilling.googleapis.com/v1/projects/encoded-joy-472514-n7/billingInfo {"name":"projects/encoded-joy-472514-n7/billingInfo","projectId":"encoded-joy-472514-n7","billingAccountName":"billingAccounts/016028-D550F7-4AF40A","billingEnabled":true}
[info] i  dataconnect: ensuring required API firebasedataconnect.googleapis.com is enabled... 
[debug] [2025-09-24T18:15:47.919Z] Checked if tokens are valid: true, expires at: 1758741251149
[debug] [2025-09-24T18:15:47.919Z] Checked if tokens are valid: true, expires at: 1758741251149
[info] i  dataconnect: ensuring required API sqladmin.googleapis.com is enabled... 
[debug] [2025-09-24T18:15:47.919Z] Checked if tokens are valid: true, expires at: 1758741251149
[debug] [2025-09-24T18:15:47.920Z] Checked if tokens are valid: true, expires at: 1758741251149
[debug] [2025-09-24T18:15:47.920Z] >>> [apiv2][query] GET https://serviceusage.googleapis.com/v1/projects/encoded-joy-472514-n7/services/firebasedataconnect.googleapis.com [none]
[debug] [2025-09-24T18:15:47.920Z] >>> [apiv2][(partial)header] GET https://serviceusage.googleapis.com/v1/projects/encoded-joy-472514-n7/services/firebasedataconnect.googleapis.com x-goog-quota-user=projects/encoded-joy-472514-n7
[debug] [2025-09-24T18:15:47.920Z] >>> [apiv2][query] GET https://serviceusage.googleapis.com/v1/projects/encoded-joy-472514-n7/services/sqladmin.googleapis.com [none]
[debug] [2025-09-24T18:15:47.920Z] >>> [apiv2][(partial)header] GET https://serviceusage.googleapis.com/v1/projects/encoded-joy-472514-n7/services/sqladmin.googleapis.com x-goog-quota-user=projects/encoded-joy-472514-n7
[debug] [2025-09-24T18:15:50.009Z] <<< [apiv2][status] GET https://serviceusage.googleapis.com/v1/projects/encoded-joy-472514-n7/services/firebasedataconnect.googleapis.com 200
[debug] [2025-09-24T18:15:50.009Z] <<< [apiv2][body] GET https://serviceusage.googleapis.com/v1/projects/encoded-joy-472514-n7/services/firebasedataconnect.googleapis.com [omitted]
[warn] !  dataconnect: missing required API firebasedataconnect.googleapis.com. Enabling now... 
[debug] [2025-09-24T18:15:50.010Z] Checked if tokens are valid: true, expires at: 1758741251149
[debug] [2025-09-24T18:15:50.010Z] Checked if tokens are valid: true, expires at: 1758741251149
[debug] [2025-09-24T18:15:50.010Z] >>> [apiv2][query] POST https://serviceusage.googleapis.com/v1/projects/encoded-joy-472514-n7/services/firebasedataconnect.googleapis.com:enable [none]
[debug] [2025-09-24T18:15:50.010Z] >>> [apiv2][(partial)header] POST https://serviceusage.googleapis.com/v1/projects/encoded-joy-472514-n7/services/firebasedataconnect.googleapis.com:enable x-goog-quota-user=projects/encoded-joy-472514-n7
[debug] [2025-09-24T18:15:50.012Z] <<< [apiv2][status] GET https://serviceusage.googleapis.com/v1/projects/encoded-joy-472514-n7/services/sqladmin.googleapis.com 200
[debug] [2025-09-24T18:15:50.012Z] <<< [apiv2][body] GET https://serviceusage.googleapis.com/v1/projects/encoded-joy-472514-n7/services/sqladmin.googleapis.com [omitted]
[warn] !  dataconnect: missing required API sqladmin.googleapis.com. Enabling now... 
[debug] [2025-09-24T18:15:50.012Z] Checked if tokens are valid: true, expires at: 1758741251149
[debug] [2025-09-24T18:15:50.012Z] Checked if tokens are valid: true, expires at: 1758741251149
[debug] [2025-09-24T18:15:50.012Z] >>> [apiv2][query] POST https://serviceusage.googleapis.com/v1/projects/encoded-joy-472514-n7/services/sqladmin.googleapis.com:enable [none]
[debug] [2025-09-24T18:15:50.012Z] >>> [apiv2][(partial)header] POST https://serviceusage.googleapis.com/v1/projects/encoded-joy-472514-n7/services/sqladmin.googleapis.com:enable x-goog-quota-user=projects/encoded-joy-472514-n7
[debug] [2025-09-24T18:15:50.577Z] <<< [apiv2][status] POST https://serviceusage.googleapis.com/v1/projects/encoded-joy-472514-n7/services/firebasedataconnect.googleapis.com:enable 200
[debug] [2025-09-24T18:15:50.577Z] <<< [apiv2][body] POST https://serviceusage.googleapis.com/v1/projects/encoded-joy-472514-n7/services/firebasedataconnect.googleapis.com:enable [omitted]
[debug] [2025-09-24T18:15:50.680Z] <<< [apiv2][status] POST https://serviceusage.googleapis.com/v1/projects/encoded-joy-472514-n7/services/sqladmin.googleapis.com:enable 200
[debug] [2025-09-24T18:15:50.680Z] <<< [apiv2][body] POST https://serviceusage.googleapis.com/v1/projects/encoded-joy-472514-n7/services/sqladmin.googleapis.com:enable [omitted]
[debug] [2025-09-24T18:16:00.689Z] Checked if tokens are valid: true, expires at: 1758741251149
[debug] [2025-09-24T18:16:00.689Z] Checked if tokens are valid: true, expires at: 1758741251149
[debug] [2025-09-24T18:16:00.689Z] >>> [apiv2][query] GET https://firebasedataconnect.googleapis.com/v1/projects/encoded-joy-472514-n7/locations/-/services [none]
[debug] [2025-09-24T18:16:03.334Z] <<< [apiv2][status] GET https://firebasedataconnect.googleapis.com/v1/projects/encoded-joy-472514-n7/locations/-/services 200
[debug] [2025-09-24T18:16:03.334Z] <<< [apiv2][body] GET https://firebasedataconnect.googleapis.com/v1/projects/encoded-joy-472514-n7/locations/-/services {}
[debug] [2025-09-24T18:16:07.035Z] Checked if tokens are valid: true, expires at: 1758741251149
[debug] [2025-09-24T18:16:07.035Z] Checked if tokens are valid: true, expires at: 1758741251149
[debug] [2025-09-24T18:16:07.035Z] >>> [apiv2][query] GET https://sqladmin.googleapis.com/v1/projects/encoded-joy-472514-n7/instances [none]
[debug] [2025-09-24T18:16:08.479Z] <<< [apiv2][status] GET https://sqladmin.googleapis.com/v1/projects/encoded-joy-472514-n7/instances 200
[debug] [2025-09-24T18:16:08.479Z] <<< [apiv2][body] GET https://sqladmin.googleapis.com/v1/projects/encoded-joy-472514-n7/instances {}
[debug] [2025-09-24T18:16:08.480Z] Checked if tokens are valid: true, expires at: 1758741251149
[debug] [2025-09-24T18:16:08.480Z] Checked if tokens are valid: true, expires at: 1758741251149
[debug] [2025-09-24T18:16:08.480Z] >>> [apiv2][query] GET https://firebasedataconnect.googleapis.com/v1/projects/encoded-joy-472514-n7/locations [none]
[debug] [2025-09-24T18:16:10.393Z] <<< [apiv2][status] GET https://firebasedataconnect.googleapis.com/v1/projects/encoded-joy-472514-n7/locations 200
[debug] [2025-09-24T18:16:10.393Z] <<< [apiv2][body] GET https://firebasedataconnect.googleapis.com/v1/projects/encoded-joy-472514-n7/locations {"locations":[{"name":"projects/encoded-joy-472514-n7/locations/asia-east1","locationId":"asia-east1","displayName":"Taiwan"},{"name":"projects/encoded-joy-472514-n7/locations/asia-east2","locationId":"asia-east2","displayName":"Hong Kong"},{"name":"projects/encoded-joy-472514-n7/locations/asia-northeast1","locationId":"asia-northeast1","displayName":"Tokyo"},{"name":"projects/encoded-joy-472514-n7/locations/asia-northeast2","locationId":"asia-northeast2","displayName":"Osaka"},{"name":"projects/encoded-joy-472514-n7/locations/asia-northeast3","locationId":"asia-northeast3","displayName":"Seoul"},{"name":"projects/encoded-joy-472514-n7/locations/asia-south1","locationId":"asia-south1","displayName":"Mumbai"},{"name":"projects/encoded-joy-472514-n7/locations/asia-southeast1","locationId":"asia-southeast1","displayName":"Singapore"},{"name":"projects/encoded-joy-472514-n7/locations/asia-southeast2","locationId":"asia-southeast2","displayName":"Jakarta"},{"name":"projects/encoded-joy-472514-n7/locations/australia-southeast1","locationId":"australia-southeast1","displayName":"Sydney"},{"name":"projects/encoded-joy-472514-n7/locations/australia-southeast2","locationId":"australia-southeast2","displayName":"Melbourne"},{"name":"projects/encoded-joy-472514-n7/locations/europe-central2","locationId":"europe-central2","displayName":"Warsaw"},{"name":"projects/encoded-joy-472514-n7/locations/europe-north1","locationId":"europe-north1","displayName":"Finland"},{"name":"projects/encoded-joy-472514-n7/locations/europe-southwest1","locationId":"europe-southwest1","displayName":"Madrid"},{"name":"projects/encoded-joy-472514-n7/locations/europe-west1","locationId":"europe-west1","displayName":"Belgium"},{"name":"projects/encoded-joy-472514-n7/locations/europe-west2","locationId":"europe-west2","displayName":"London"},{"name":"projects/encoded-joy-472514-n7/locations/europe-west3","locationId":"europe-west3","displayName":"Frankfurt"},{"name":"projects/encoded-joy-472514-n7/locations/europe-west4","locationId":"europe-west4","displayName":"Netherlands"},{"name":"projects/encoded-joy-472514-n7/locations/europe-west6","locationId":"europe-west6","displayName":"Zurich"},{"name":"projects/encoded-joy-472514-n7/locations/europe-west8","locationId":"europe-west8","displayName":"Milan"},{"name":"projects/encoded-joy-472514-n7/locations/europe-west9","locationId":"europe-west9","displayName":"Paris"},{"name":"projects/encoded-joy-472514-n7/locations/me-west1","locationId":"me-west1","displayName":"Tel Aviv"},{"name":"projects/encoded-joy-472514-n7/locations/northamerica-northeast1","locationId":"northamerica-northeast1","displayName":"Montréal"},{"name":"projects/encoded-joy-472514-n7/locations/northamerica-northeast2","locationId":"northamerica-northeast2","displayName":"Toronto"},{"name":"projects/encoded-joy-472514-n7/locations/southamerica-east1","locationId":"southamerica-east1","displayName":"São Paulo"},{"name":"projects/encoded-joy-472514-n7/locations/southamerica-west1","locationId":"southamerica-west1","displayName":"Santiago"},{"name":"projects/encoded-joy-472514-n7/locations/us-central1","locationId":"us-central1","displayName":"Iowa"},{"name":"projects/encoded-joy-472514-n7/locations/us-east1","locationId":"us-east1","displayName":"South Carolina"},{"name":"projects/encoded-joy-472514-n7/locations/us-east4","locationId":"us-east4","displayName":"Northern Virginia"},{"name":"projects/encoded-joy-472514-n7/locations/us-south1","locationId":"us-south1","displayName":"Dallas"},{"name":"projects/encoded-joy-472514-n7/locations/us-west1","locationId":"us-west1","displayName":"Oregon"},{"name":"projects/encoded-joy-472514-n7/locations/us-west2","locationId":"us-west2","displayName":"Los Angeles"},{"name":"projects/encoded-joy-472514-n7/locations/us-west3","locationId":"us-west3","displayName":"Salt Lake City"},{"name":"projects/encoded-joy-472514-n7/locations/us-west4","locationId":"us-west4","displayName":"Las Vegas"}]}
[info] +  dataconnect: Detected existing apps . (web) 
[debug] [2025-09-24T18:16:17.127Z] Checked if tokens are valid: true, expires at: 1758741251149
[debug] [2025-09-24T18:16:17.127Z] Checked if tokens are valid: true, expires at: 1758741251149
[debug] [2025-09-24T18:16:17.127Z] >>> [apiv2][query] GET https://sqladmin.googleapis.com/v1/projects/encoded-joy-472514-n7/instances/ocr-20-fdc [none]
[debug] [2025-09-24T18:16:17.675Z] <<< [apiv2][status] GET https://sqladmin.googleapis.com/v1/projects/encoded-joy-472514-n7/instances/ocr-20-fdc 404
[debug] [2025-09-24T18:16:17.675Z] <<< [apiv2][body] GET https://sqladmin.googleapis.com/v1/projects/encoded-joy-472514-n7/instances/ocr-20-fdc {"error":{"code":404,"message":"The Cloud SQL instance does not exist.","errors":[{"message":"The Cloud SQL instance does not exist.","domain":"global","reason":"instanceDoesNotExist"}]}}
[debug] [2025-09-24T18:16:17.676Z] Checked if tokens are valid: true, expires at: 1758741251149
[debug] [2025-09-24T18:16:17.676Z] Checked if tokens are valid: true, expires at: 1758741251149
[debug] [2025-09-24T18:16:17.676Z] >>> [apiv2][query] GET https://monitoring.googleapis.com/v3/projects/encoded-joy-472514-n7/timeSeries/ filter=metric.type%3D%22serviceruntime.googleapis.com%2Fquota%2Fallocation%2Fusage%22+AND+metric.label.quota_metric+%3D+%22sqladmin.googleapis.com%2Ffdc_lifetime_free_trial_per_project%22&interval.endTime=2025-09-24T18%3A16%3A17.676Z&interval.startTime=2025-09-17T18%3A16%3A17.676Z
[debug] [2025-09-24T18:16:19.581Z] <<< [apiv2][status] GET https://monitoring.googleapis.com/v3/projects/encoded-joy-472514-n7/timeSeries/ 200
[debug] [2025-09-24T18:16:19.582Z] <<< [apiv2][body] GET https://monitoring.googleapis.com/v3/projects/encoded-joy-472514-n7/timeSeries/ {"unit":"1"}
[info] +  dataconnect: CloudSQL no cost trial available! 
[debug] [2025-09-24T18:16:19.582Z] Checked if tokens are valid: true, expires at: 1758741251149
[debug] [2025-09-24T18:16:19.582Z] Checked if tokens are valid: true, expires at: 1758741251149
[debug] [2025-09-24T18:16:19.582Z] >>> [apiv2][query] POST https://sqladmin.googleapis.com/v1/projects/encoded-joy-472514-n7/instances [none]
[debug] [2025-09-24T18:16:19.582Z] >>> [apiv2][body] POST https://sqladmin.googleapis.com/v1/projects/encoded-joy-472514-n7/instances {"name":"ocr-20-fdc","region":"us-south1","databaseVersion":"POSTGRES_15","settings":{"tier":"db-f1-micro","edition":"ENTERPRISE","ipConfiguration":{"authorizedNetworks":[]},"enableGoogleMlIntegration":false,"databaseFlags":[{"name":"cloudsql.iam_authentication","value":"on"}],"storageAutoResize":false,"userLabels":{"firebase-data-connect":"ft"},"insightsConfig":{"queryInsightsEnabled":true,"queryPlansPerMinute":5,"queryStringLength":1024}}}
[debug] [2025-09-24T18:16:24.296Z] <<< [apiv2][status] POST https://sqladmin.googleapis.com/v1/projects/encoded-joy-472514-n7/instances 200
[debug] [2025-09-24T18:16:24.296Z] <<< [apiv2][body] POST https://sqladmin.googleapis.com/v1/projects/encoded-joy-472514-n7/instances {"kind":"sql#operation","targetLink":"https://sqladmin.googleapis.com/v1/projects/encoded-joy-472514-n7/instances/ocr-20-fdc","status":"PENDING","user":"dpritam28577@gmail.com","insertTime":"2025-09-24T18:16:21.902Z","operationType":"CREATE","name":"b02c7cac-bc15-49c8-a210-cc9600000052","targetId":"ocr-20-fdc","selfLink":"https://sqladmin.googleapis.com/v1/projects/encoded-joy-472514-n7/operations/b02c7cac-bc15-49c8-a210-cc9600000052","targetProject":"encoded-joy-472514-n7"}
[info] i  dataconnect: Cloud SQL Instance ocr-20-fdc is being created.
This instance is provided under the terms of the Data Connect no-cost trial https://firebase.google.com/pricing
   Meanwhile, your data are saved in a temporary database and will be migrated once complete. Monitor its progress at

   https://console.cloud.google.com/sql/instances/ocr-20-fdc/overview?project=encoded-joy-472514-n7
 
[debug] [2025-09-24T18:16:24.297Z] Checked if tokens are valid: true, expires at: 1758741251149
[debug] [2025-09-24T18:16:24.297Z] Checked if tokens are valid: true, expires at: 1758741251149
[debug] [2025-09-24T18:16:24.297Z] >>> [apiv2][query] GET https://firebasedataconnect.googleapis.com/v1/projects/encoded-joy-472514-n7/locations/us-south1/services/ocr-20/schemas/main [none]
[debug] [2025-09-24T18:16:26.098Z] <<< [apiv2][status] GET https://firebasedataconnect.googleapis.com/v1/projects/encoded-joy-472514-n7/locations/us-south1/services/ocr-20/schemas/main 404
[debug] [2025-09-24T18:16:26.098Z] <<< [apiv2][body] GET https://firebasedataconnect.googleapis.com/v1/projects/encoded-joy-472514-n7/locations/us-south1/services/ocr-20/schemas/main {"error":{"code":404,"message":"Resource 'projects/encoded-joy-472514-n7/locations/us-south1/services/ocr-20/schemas/main' was not found","status":"NOT_FOUND","details":[{"@type":"type.googleapis.com/google.rpc.ResourceInfo","resourceName":"projects/encoded-joy-472514-n7/locations/us-south1/services/ocr-20/schemas/main"}]}}
[info] +  Wrote dataconnect\dataconnect.yaml 
[info] +  Wrote dataconnect\schema\schema.gql 
[info] +  Wrote dataconnect\example\connector.yaml 
[info] +  Wrote dataconnect\example\queries.gql 
[info] +  Wrote dataconnect\example\mutations.gql 
[info] +  Wrote dataconnect\example\connector.yaml 
[info] i  dataconnect: Installing the generated SDKs ... 
[info] i  dataconnect: downloading dataconnect-emulator-2.13.0.exe... {"metadata":{"emulator":{"name":"dataconnect"},"message":"downloading dataconnect-emulator-2.13.0.exe..."}}
[debug] [2025-09-24T18:16:26.116Z] >>> [apiv2][query] GET https://storage.googleapis.com/firemat-preview-drop/emulator/dataconnect-emulator-windows-v2.13.0 
[debug] [2025-09-24T18:16:26.713Z] <<< [apiv2][status] GET https://storage.googleapis.com/firemat-preview-drop/emulator/dataconnect-emulator-windows-v2.13.0 200
[debug] [2025-09-24T18:16:26.713Z] <<< [apiv2][body] GET https://storage.googleapis.com/firemat-preview-drop/emulator/dataconnect-emulator-windows-v2.13.0 [stream]
[debug] [2025-09-24T18:16:30.945Z] defaultcredentials: writing to file C:\Users\dprit\AppData\Roaming\firebase\dpritam28577_gmail_com_application_default_credentials.json
[info] +  dataconnect: Installed generated SDKs for . (web) 
[info] 
=== Firestore Setup
[info] i  firestore: ensuring required API firestore.googleapis.com is enabled... 
[debug] [2025-09-24T18:16:48.684Z] Checked if tokens are valid: true, expires at: 1758741251149
[debug] [2025-09-24T18:16:48.684Z] Checked if tokens are valid: true, expires at: 1758741251149
[debug] [2025-09-24T18:16:48.684Z] >>> [apiv2][query] GET https://serviceusage.googleapis.com/v1/projects/encoded-joy-472514-n7/services/firestore.googleapis.com [none]
[debug] [2025-09-24T18:16:48.684Z] >>> [apiv2][(partial)header] GET https://serviceusage.googleapis.com/v1/projects/encoded-joy-472514-n7/services/firestore.googleapis.com x-goog-quota-user=projects/encoded-joy-472514-n7
[debug] [2025-09-24T18:16:50.582Z] <<< [apiv2][status] GET https://serviceusage.googleapis.com/v1/projects/encoded-joy-472514-n7/services/firestore.googleapis.com 200
[debug] [2025-09-24T18:16:50.582Z] <<< [apiv2][body] GET https://serviceusage.googleapis.com/v1/projects/encoded-joy-472514-n7/services/firestore.googleapis.com [omitted]
[warn] !  firestore: missing required API firestore.googleapis.com. Enabling now... 
[debug] [2025-09-24T18:16:50.583Z] Checked if tokens are valid: true, expires at: 1758741251149
[debug] [2025-09-24T18:16:50.583Z] Checked if tokens are valid: true, expires at: 1758741251149
[debug] [2025-09-24T18:16:50.583Z] >>> [apiv2][query] POST https://serviceusage.googleapis.com/v1/projects/encoded-joy-472514-n7/services/firestore.googleapis.com:enable [none]
[debug] [2025-09-24T18:16:50.583Z] >>> [apiv2][(partial)header] POST https://serviceusage.googleapis.com/v1/projects/encoded-joy-472514-n7/services/firestore.googleapis.com:enable x-goog-quota-user=projects/encoded-joy-472514-n7
[debug] [2025-09-24T18:16:51.249Z] <<< [apiv2][status] POST https://serviceusage.googleapis.com/v1/projects/encoded-joy-472514-n7/services/firestore.googleapis.com:enable 200
[debug] [2025-09-24T18:16:51.249Z] <<< [apiv2][body] POST https://serviceusage.googleapis.com/v1/projects/encoded-joy-472514-n7/services/firestore.googleapis.com:enable [omitted]
[debug] [2025-09-24T18:17:01.266Z] Checked if tokens are valid: true, expires at: 1758741251149
[debug] [2025-09-24T18:17:01.267Z] Checked if tokens are valid: true, expires at: 1758741251149
[debug] [2025-09-24T18:17:01.267Z] >>> [apiv2][query] GET https://firestore.googleapis.com/v1/projects/encoded-joy-472514-n7/databases [none]
[debug] [2025-09-24T18:17:02.254Z] <<< [apiv2][status] GET https://firestore.googleapis.com/v1/projects/encoded-joy-472514-n7/databases 200
[debug] [2025-09-24T18:17:02.254Z] <<< [apiv2][body] GET https://firestore.googleapis.com/v1/projects/encoded-joy-472514-n7/databases {}
[debug] [2025-09-24T18:17:02.254Z] Checked if tokens are valid: true, expires at: 1758741251149
[debug] [2025-09-24T18:17:02.254Z] Checked if tokens are valid: true, expires at: 1758741251149
[debug] [2025-09-24T18:17:02.254Z] >>> [apiv2][query] GET https://firestore.googleapis.com/v1/projects/encoded-joy-472514-n7/locations [none]
[debug] [2025-09-24T18:17:02.399Z] <<< [apiv2][status] GET https://firestore.googleapis.com/v1/projects/encoded-joy-472514-n7/locations 200
[debug] [2025-09-24T18:17:02.399Z] <<< [apiv2][body] GET https://firestore.googleapis.com/v1/projects/encoded-joy-472514-n7/locations {"locations":[{"name":"projects/encoded-joy-472514-n7/locations/eur3","labels":{"appengine.googleapis.com/geo":"europe-west","cloud.googleapis.com/location":"eur3","cloud.googleapis.com/geo":"eur3"},"metadata":{"@type":"type.googleapis.com/google.firestore.admin.v1.LocationMetadata"},"locationId":"eur3","displayName":"Europe"},{"name":"projects/encoded-joy-472514-n7/locations/nam5","labels":{"appengine.googleapis.com/geo":"us-central","cloud.googleapis.com/location":"nam5","cloud.googleapis.com/geo":"nam5"},"metadata":{"@type":"type.googleapis.com/google.firestore.admin.v1.LocationMetadata"},"locationId":"nam5","displayName":"United States"},{"name":"projects/encoded-joy-472514-n7/locations/nam7","labels":{"cloud.googleapis.com/location":"nam7","cloud.googleapis.com/geo":"nam7"},"metadata":{"@type":"type.googleapis.com/google.firestore.admin.v1.LocationMetadata"},"locationId":"nam7","displayName":"United States"},{"name":"projects/encoded-joy-472514-n7/locations/africa-south1","labels":{"cloud.googleapis.com/location":"africa-south1","cloud.googleapis.com/region":"africa-south1"},"metadata":{"@type":"type.googleapis.com/google.firestore.admin.v1.LocationMetadata"},"locationId":"africa-south1","displayName":"Johannesburg"},{"name":"projects/encoded-joy-472514-n7/locations/asia-east1","labels":{"appengine.googleapis.com/region":"asia-east1","cloud.googleapis.com/location":"asia-east1","cloud.googleapis.com/region":"asia-east1"},"metadata":{"@type":"type.googleapis.com/google.firestore.admin.v1.LocationMetadata"},"locationId":"asia-east1","displayName":"Taiwan"},{"name":"projects/encoded-joy-472514-n7/locations/asia-east2","labels":{"appengine.googleapis.com/region":"asia-east2","cloud.googleapis.com/location":"asia-east2","cloud.googleapis.com/region":"asia-east2"},"metadata":{"@type":"type.googleapis.com/google.firestore.admin.v1.LocationMetadata"},"locationId":"asia-east2","displayName":"Hong Kong"},{"name":"projects/encoded-joy-472514-n7/locations/asia-northeast1","labels":{"appengine.googleapis.com/region":"asia-northeast1","cloud.googleapis.com/location":"asia-northeast1","cloud.googleapis.com/region":"asia-northeast1"},"metadata":{"@type":"type.googleapis.com/google.firestore.admin.v1.LocationMetadata"},"locationId":"asia-northeast1","displayName":"Tokyo"},{"name":"projects/encoded-joy-472514-n7/locations/asia-northeast2","labels":{"appengine.googleapis.com/region":"asia-northeast2","cloud.googleapis.com/location":"asia-northeast2","cloud.googleapis.com/region":"asia-northeast2"},"metadata":{"@type":"type.googleapis.com/google.firestore.admin.v1.LocationMetadata"},"locationId":"asia-northeast2","displayName":"Osaka"},{"name":"projects/encoded-joy-472514-n7/locations/asia-northeast3","labels":{"appengine.googleapis.com/region":"asia-northeast3","cloud.googleapis.com/location":"asia-northeast3","cloud.googleapis.com/region":"asia-northeast3"},"metadata":{"@type":"type.googleapis.com/google.firestore.admin.v1.LocationMetadata"},"locationId":"asia-northeast3","displayName":"Seoul"},{"name":"projects/encoded-joy-472514-n7/locations/asia-south1","labels":{"appengine.googleapis.com/region":"asia-south1","cloud.googleapis.com/location":"asia-south1","cloud.googleapis.com/region":"asia-south1"},"metadata":{"@type":"type.googleapis.com/google.firestore.admin.v1.LocationMetadata"},"locationId":"asia-south1","displayName":"Mumbai"},{"name":"projects/encoded-joy-472514-n7/locations/asia-south2","labels":{"cloud.googleapis.com/location":"asia-south2","cloud.googleapis.com/region":"asia-south2"},"metadata":{"@type":"type.googleapis.com/google.firestore.admin.v1.LocationMetadata"},"locationId":"asia-south2","displayName":"Delhi"},{"name":"projects/encoded-joy-472514-n7/locations/asia-southeast1","labels":{"appengine.googleapis.com/region":"asia-southeast1","cloud.googleapis.com/location":"asia-southeast1","cloud.googleapis.com/region":"asia-southeast1"},"metadata":{"@type":"type.googleapis.com/google.firestore.admin.v1.LocationMetadata"},"locationId":"asia-southeast1","displayName":"Singapore"},{"name":"projects/encoded-joy-472514-n7/locations/asia-southeast2","labels":{"appengine.googleapis.com/region":"asia-southeast2","cloud.googleapis.com/location":"asia-southeast2","cloud.googleapis.com/region":"asia-southeast2"},"metadata":{"@type":"type.googleapis.com/google.firestore.admin.v1.LocationMetadata"},"locationId":"asia-southeast2","displayName":"Jakarta"},{"name":"projects/encoded-joy-472514-n7/locations/australia-southeast1","labels":{"appengine.googleapis.com/region":"australia-southeast1","cloud.googleapis.com/location":"australia-southeast1","cloud.googleapis.com/region":"australia-southeast1"},"metadata":{"@type":"type.googleapis.com/google.firestore.admin.v1.LocationMetadata"},"locationId":"australia-southeast1","displayName":"Sydney"},{"name":"projects/encoded-joy-472514-n7/locations/australia-southeast2","labels":{"cloud.googleapis.com/location":"australia-southeast2","cloud.googleapis.com/region":"australia-southeast2"},"metadata":{"@type":"type.googleapis.com/google.firestore.admin.v1.LocationMetadata"},"locationId":"australia-southeast2","displayName":"Melbourne"},{"name":"projects/encoded-joy-472514-n7/locations/europe-central2","labels":{"appengine.googleapis.com/region":"europe-central2","cloud.googleapis.com/location":"europe-central2","cloud.googleapis.com/region":"europe-central2"},"metadata":{"@type":"type.googleapis.com/google.firestore.admin.v1.LocationMetadata"},"locationId":"europe-central2","displayName":"Warsaw"},{"name":"projects/encoded-joy-472514-n7/locations/europe-north1","labels":{"cloud.googleapis.com/location":"europe-north1","cloud.googleapis.com/region":"europe-north1"},"metadata":{"@type":"type.googleapis.com/google.firestore.admin.v1.LocationMetadata"},"locationId":"europe-north1","displayName":"Finland"},{"name":"projects/encoded-joy-472514-n7/locations/europe-north2","labels":{"cloud.googleapis.com/location":"europe-north2","cloud.googleapis.com/region":"europe-north2"},"metadata":{"@type":"type.googleapis.com/google.firestore.admin.v1.LocationMetadata"},"locationId":"europe-north2","displayName":"Stockholm"},{"name":"projects/encoded-joy-472514-n7/locations/europe-southwest1","labels":{"cloud.googleapis.com/location":"europe-southwest1","cloud.googleapis.com/region":"europe-southwest1"},"metadata":{"@type":"type.googleapis.com/google.firestore.admin.v1.LocationMetadata"},"locationId":"europe-southwest1","displayName":"Madrid"},{"name":"projects/encoded-joy-472514-n7/locations/europe-west1","labels":{"cloud.googleapis.com/location":"europe-west1","cloud.googleapis.com/region":"europe-west1"},"metadata":{"@type":"type.googleapis.com/google.firestore.admin.v1.LocationMetadata"},"locationId":"europe-west1","displayName":"Belgium"},{"name":"projects/encoded-joy-472514-n7/locations/europe-west10","labels":{"cloud.googleapis.com/location":"europe-west10","cloud.googleapis.com/region":"europe-west10"},"metadata":{"@type":"type.googleapis.com/google.firestore.admin.v1.LocationMetadata"},"locationId":"europe-west10","displayName":"Berlin"},{"name":"projects/encoded-joy-472514-n7/locations/europe-west12","labels":{"cloud.googleapis.com/location":"europe-west12","cloud.googleapis.com/region":"europe-west12"},"metadata":{"@type":"type.googleapis.com/google.firestore.admin.v1.LocationMetadata"},"locationId":"europe-west12","displayName":"Turin"},{"name":"projects/encoded-joy-472514-n7/locations/europe-west2","labels":{"appengine.googleapis.com/region":"europe-west2","cloud.googleapis.com/location":"europe-west2","cloud.googleapis.com/region":"europe-west2"},"metadata":{"@type":"type.googleapis.com/google.firestore.admin.v1.LocationMetadata"},"locationId":"europe-west2","displayName":"London"},{"name":"projects/encoded-joy-472514-n7/locations/europe-west3","labels":{"appengine.googleapis.com/region":"europe-west3","cloud.googleapis.com/location":"europe-west3","cloud.googleapis.com/region":"europe-west3"},"metadata":{"@type":"type.googleapis.com/google.firestore.admin.v1.LocationMetadata"},"locationId":"europe-west3","displayName":"Frankfurt"},{"name":"projects/encoded-joy-472514-n7/locations/europe-west4","labels":{"cloud.googleapis.com/location":"europe-west4","cloud.googleapis.com/region":"europe-west4"},"metadata":{"@type":"type.googleapis.com/google.firestore.admin.v1.LocationMetadata"},"locationId":"europe-west4","displayName":"Netherlands"},{"name":"projects/encoded-joy-472514-n7/locations/europe-west6","labels":{"appengine.googleapis.com/region":"europe-west6","cloud.googleapis.com/location":"europe-west6","cloud.googleapis.com/region":"europe-west6"},"metadata":{"@type":"type.googleapis.com/google.firestore.admin.v1.LocationMetadata"},"locationId":"europe-west6","displayName":"Zurich"},{"name":"projects/encoded-joy-472514-n7/locations/europe-west8","labels":{"cloud.googleapis.com/location":"europe-west8","cloud.googleapis.com/region":"europe-west8"},"metadata":{"@type":"type.googleapis.com/google.firestore.admin.v1.LocationMetadata"},"locationId":"europe-west8","displayName":"Milan"},{"name":"projects/encoded-joy-472514-n7/locations/europe-west9","labels":{"cloud.googleapis.com/location":"europe-west9","cloud.googleapis.com/region":"europe-west9"},"metadata":{"@type":"type.googleapis.com/google.firestore.admin.v1.LocationMetadata"},"locationId":"europe-west9","displayName":"Paris"},{"name":"projects/encoded-joy-472514-n7/locations/me-central1","labels":{"cloud.googleapis.com/location":"me-central1","cloud.googleapis.com/region":"me-central1"},"metadata":{"@type":"type.googleapis.com/google.firestore.admin.v1.LocationMetadata"},"locationId":"me-central1","displayName":"Doha"},{"name":"projects/encoded-joy-472514-n7/locations/me-central2","labels":{"cloud.googleapis.com/location":"me-central2","cloud.googleapis.com/region":"me-central2"},"metadata":{"@type":"type.googleapis.com/google.firestore.admin.v1.LocationMetadata"},"locationId":"me-central2","displayName":"Dammam"},{"name":"projects/encoded-joy-472514-n7/locations/me-west1","labels":{"cloud.googleapis.com/location":"me-west1","cloud.googleapis.com/region":"me-west1"},"metadata":{"@type":"type.googleapis.com/google.firestore.admin.v1.LocationMetadata"},"locationId":"me-west1","displayName":"Tel Aviv"},{"name":"projects/encoded-joy-472514-n7/locations/northamerica-northeast1","labels":{"appengine.googleapis.com/region":"northamerica-northeast1","cloud.googleapis.com/location":"northamerica-northeast1","cloud.googleapis.com/region":"northamerica-northeast1"},"metadata":{"@type":"type.googleapis.com/google.firestore.admin.v1.LocationMetadata"},"locationId":"northamerica-northeast1","displayName":"Montréal"},{"name":"projects/encoded-joy-472514-n7/locations/northamerica-northeast2","labels":{"cloud.googleapis.com/location":"northamerica-northeast2","cloud.googleapis.com/region":"northamerica-northeast2"},"metadata":{"@type":"type.googleapis.com/google.firestore.admin.v1.LocationMetadata"},"locationId":"northamerica-northeast2","displayName":"Toronto"},{"name":"projects/encoded-joy-472514-n7/locations/northamerica-south1","labels":{"cloud.googleapis.com/location":"northamerica-south1","cloud.googleapis.com/region":"northamerica-south1"},"metadata":{"@type":"type.googleapis.com/google.firestore.admin.v1.LocationMetadata"},"locationId":"northamerica-south1","displayName":"Mexico"},{"name":"projects/encoded-joy-472514-n7/locations/southamerica-east1","labels":{"appengine.googleapis.com/region":"southamerica-east1","cloud.googleapis.com/location":"southamerica-east1","cloud.googleapis.com/region":"southamerica-east1"},"metadata":{"@type":"type.googleapis.com/google.firestore.admin.v1.LocationMetadata"},"locationId":"southamerica-east1","displayName":"São Paulo"},{"name":"projects/encoded-joy-472514-n7/locations/southamerica-west1","labels":{"cloud.googleapis.com/location":"southamerica-west1","cloud.googleapis.com/region":"southamerica-west1"},"metadata":{"@type":"type.googleapis.com/google.firestore.admin.v1.LocationMetadata"},"locationId":"southamerica-west1","displayName":"Santiago"},{"name":"projects/encoded-joy-472514-n7/locations/us-central1","labels":{"cloud.googleapis.com/location":"us-central1","cloud.googleapis.com/region":"us-central1"},"metadata":{"@type":"type.googleapis.com/google.firestore.admin.v1.LocationMetadata"},"locationId":"us-central1","displayName":"Iowa"},{"name":"projects/encoded-joy-472514-n7/locations/us-east1","labels":{"appengine.googleapis.com/region":"us-east1","cloud.googleapis.com/location":"us-east1","cloud.googleapis.com/region":"us-east1"},"metadata":{"@type":"type.googleapis.com/google.firestore.admin.v1.LocationMetadata"},"locationId":"us-east1","displayName":"South Carolina"},{"name":"projects/encoded-joy-472514-n7/locations/us-east4","labels":{"appengine.googleapis.com/region":"us-east4","cloud.googleapis.com/location":"us-east4","cloud.googleapis.com/region":"us-east4"},"metadata":{"@type":"type.googleapis.com/google.firestore.admin.v1.LocationMetadata"},"locationId":"us-east4","displayName":"Northern Virginia"},{"name":"projects/encoded-joy-472514-n7/locations/us-east5","labels":{"cloud.googleapis.com/location":"us-east5","cloud.googleapis.com/region":"us-east5"},"metadata":{"@type":"type.googleapis.com/google.firestore.admin.v1.LocationMetadata"},"locationId":"us-east5","displayName":"Columbus"},{"name":"projects/encoded-joy-472514-n7/locations/us-south1","labels":{"cloud.googleapis.com/location":"us-south1","cloud.googleapis.com/region":"us-south1"},"metadata":{"@type":"type.googleapis.com/google.firestore.admin.v1.LocationMetadata"},"locationId":"us-south1","displayName":"Dallas"},{"name":"projects/encoded-joy-472514-n7/locations/us-west1","labels":{"appengine.googleapis.com/region":"us-west1","cloud.googleapis.com/location":"us-west1","cloud.googleapis.com/region":"us-west1"},"metadata":{"@type":"type.googleapis.com/google.firestore.admin.v1.LocationMetadata"},"locationId":"us-west1","displayName":"Oregon"},{"name":"projects/encoded-joy-472514-n7/locations/us-west2","labels":{"appengine.googleapis.com/region":"us-west2","cloud.googleapis.com/location":"us-west2","cloud.googleapis.com/region":"us-west2"},"metadata":{"@type":"type.googleapis.com/google.firestore.admin.v1.LocationMetadata"},"locationId":"us-west2","displayName":"Los Angeles"},{"name":"projects/encoded-joy-472514-n7/locations/us-west3","labels":{"appengine.googleapis.com/region":"us-west3","cloud.googleapis.com/location":"us-west3","cloud.googleapis.com/region":"us-west3"},"metadata":{"@type":"type.googleapis.com/google.firestore.admin.v1.LocationMetadata"},"locationId":"us-west3","displayName":"Salt Lake City"},{"name":"projects/encoded-joy-472514-n7/locations/us-west4","labels":{"appengine.googleapis.com/region":"us-west4","cloud.googleapis.com/location":"us-west4","cloud.googleapis.com/region":"us-west4"},"metadata":{"@type":"type.googleapis.com/google.firestore.admin.v1.LocationMetadata"},"locationId":"us-west4","displayName":"Las Vegas"}]}
[info] 
[info] Firestore Security Rules allow you to define how and when to allow
[info] requests. You can keep these rules in your project directory
[info] and publish them with firebase deploy.
[info] 
[debug] [2025-09-24T18:17:14.567Z] Checked if tokens are valid: true, expires at: 1758741251149
[debug] [2025-09-24T18:17:14.567Z] Checked if tokens are valid: true, expires at: 1758741251149
[debug] [2025-09-24T18:17:14.567Z] >>> [apiv2][query] GET https://firebaserules.googleapis.com/v1/projects/encoded-joy-472514-n7/releases pageSize=10&pageToken=
[debug] [2025-09-24T18:17:16.463Z] <<< [apiv2][status] GET https://firebaserules.googleapis.com/v1/projects/encoded-joy-472514-n7/releases 200
[debug] [2025-09-24T18:17:16.463Z] <<< [apiv2][body] GET https://firebaserules.googleapis.com/v1/projects/encoded-joy-472514-n7/releases {}
[info] 
[info] Firestore indexes allow you to perform complex queries while
[info] maintaining performance that scales with the size of the result
[info] set. You can keep index definitions in your project directory
[info] and publish them with firebase deploy.
[info] 
[debug] [2025-09-24T18:17:19.727Z] Checked if tokens are valid: true, expires at: 1758741251149
[debug] [2025-09-24T18:17:19.727Z] Checked if tokens are valid: true, expires at: 1758741251149
[debug] [2025-09-24T18:17:19.728Z] Checked if tokens are valid: true, expires at: 1758741251149
[debug] [2025-09-24T18:17:19.728Z] Checked if tokens are valid: true, expires at: 1758741251149
[debug] [2025-09-24T18:17:19.728Z] >>> [apiv2][query] GET https://firestore.googleapis.com/v1/projects/encoded-joy-472514-n7/databases/(default)/collectionGroups/-/indexes [none]
[debug] [2025-09-24T18:17:19.728Z] >>> [apiv2][query] GET https://firestore.googleapis.com/v1/projects/encoded-joy-472514-n7/databases/(default)/collectionGroups/-/fields?filter=indexConfig.usesAncestorConfig=false OR ttlConfig:* [none]
[debug] [2025-09-24T18:17:20.004Z] <<< [apiv2][status] GET https://firestore.googleapis.com/v1/projects/encoded-joy-472514-n7/databases/(default)/collectionGroups/-/fields?filter=indexConfig.usesAncestorConfig=false OR ttlConfig:* 404
[debug] [2025-09-24T18:17:20.004Z] <<< [apiv2][body] GET https://firestore.googleapis.com/v1/projects/encoded-joy-472514-n7/databases/(default)/collectionGroups/-/fields?filter=indexConfig.usesAncestorConfig=false OR ttlConfig:* {"error":{"code":404,"message":"Project 'encoded-joy-472514-n7' or database '(default)' does not exist.","status":"NOT_FOUND"}}
[info] +  Wrote firestore.rules 
[info] +  Wrote firestore.indexes.json 
[debug] [2025-09-24T18:17:20.007Z] <<< [apiv2][status] GET https://firestore.googleapis.com/v1/projects/encoded-joy-472514-n7/databases/(default)/collectionGroups/-/indexes 404
[debug] [2025-09-24T18:17:20.007Z] <<< [apiv2][body] GET https://firestore.googleapis.com/v1/projects/encoded-joy-472514-n7/databases/(default)/collectionGroups/-/indexes {"error":{"code":404,"message":"Project 'encoded-joy-472514-n7' or database '(default)' does not exist.","status":"NOT_FOUND"}}
[info] 
=== Genkit Setup
[debug] [2025-09-24T18:17:30.816Z] > command requires scopes: ["email","openid","https://www.googleapis.com/auth/cloudplatformprojects.readonly","https://www.googleapis.com/auth/firebase","https://www.googleapis.com/auth/cloud-platform"]
[debug] [2025-09-24T18:17:30.816Z] > authorizing via signed-in user (dpritam28577@gmail.com)
[debug] [2025-09-24T18:17:30.816Z] [iam] checking project encoded-joy-472514-n7 for permissions ["firebase.projects.get"]
[debug] [2025-09-24T18:17:30.816Z] Checked if tokens are valid: true, expires at: 1758741251149
[debug] [2025-09-24T18:17:30.816Z] Checked if tokens are valid: true, expires at: 1758741251149
[debug] [2025-09-24T18:17:30.816Z] >>> [apiv2][query] POST https://cloudresourcemanager.googleapis.com/v1/projects/encoded-joy-472514-n7:testIamPermissions [none]
[debug] [2025-09-24T18:17:30.817Z] >>> [apiv2][(partial)header] POST https://cloudresourcemanager.googleapis.com/v1/projects/encoded-joy-472514-n7:testIamPermissions x-goog-quota-user=projects/encoded-joy-472514-n7
[debug] [2025-09-24T18:17:30.817Z] >>> [apiv2][body] POST https://cloudresourcemanager.googleapis.com/v1/projects/encoded-joy-472514-n7:testIamPermissions {"permissions":["firebase.projects.get"]}
[debug] [2025-09-24T18:17:32.535Z] <<< [apiv2][status] POST https://cloudresourcemanager.googleapis.com/v1/projects/encoded-joy-472514-n7:testIamPermissions 200
[debug] [2025-09-24T18:17:32.535Z] <<< [apiv2][body] POST https://cloudresourcemanager.googleapis.com/v1/projects/encoded-joy-472514-n7:testIamPermissions {"permissions":["firebase.projects.get"]}
[debug] [2025-09-24T18:17:32.536Z] Checked if tokens are valid: true, expires at: 1758741251149
[debug] [2025-09-24T18:17:32.536Z] Checked if tokens are valid: true, expires at: 1758741251149
[debug] [2025-09-24T18:17:32.536Z] Checked if tokens are valid: true, expires at: 1758741251149
[debug] [2025-09-24T18:17:32.536Z] Checked if tokens are valid: true, expires at: 1758741251149
[debug] [2025-09-24T18:17:32.536Z] >>> [apiv2][query] GET https://serviceusage.googleapis.com/v1/projects/encoded-joy-472514-n7/services/cloudfunctions.googleapis.com [none]
[debug] [2025-09-24T18:17:32.536Z] >>> [apiv2][(partial)header] GET https://serviceusage.googleapis.com/v1/projects/encoded-joy-472514-n7/services/cloudfunctions.googleapis.com x-goog-quota-user=projects/encoded-joy-472514-n7
[debug] [2025-09-24T18:17:32.537Z] >>> [apiv2][query] GET https://serviceusage.googleapis.com/v1/projects/encoded-joy-472514-n7/services/runtimeconfig.googleapis.com [none]
[debug] [2025-09-24T18:17:32.537Z] >>> [apiv2][(partial)header] GET https://serviceusage.googleapis.com/v1/projects/encoded-joy-472514-n7/services/runtimeconfig.googleapis.com x-goog-quota-user=projects/encoded-joy-472514-n7
[debug] [2025-09-24T18:17:34.397Z] <<< [apiv2][status] GET https://serviceusage.googleapis.com/v1/projects/encoded-joy-472514-n7/services/runtimeconfig.googleapis.com 200
[debug] [2025-09-24T18:17:34.397Z] <<< [apiv2][body] GET https://serviceusage.googleapis.com/v1/projects/encoded-joy-472514-n7/services/runtimeconfig.googleapis.com [omitted]
[debug] [2025-09-24T18:17:34.432Z] <<< [apiv2][status] GET https://serviceusage.googleapis.com/v1/projects/encoded-joy-472514-n7/services/cloudfunctions.googleapis.com 200
[debug] [2025-09-24T18:17:34.432Z] <<< [apiv2][body] GET https://serviceusage.googleapis.com/v1/projects/encoded-joy-472514-n7/services/cloudfunctions.googleapis.com [omitted]
[debug] [2025-09-24T18:17:34.432Z] Checked if tokens are valid: true, expires at: 1758741251149
[debug] [2025-09-24T18:17:34.432Z] Checked if tokens are valid: true, expires at: 1758741251149
[debug] [2025-09-24T18:17:34.432Z] >>> [apiv2][query] POST https://serviceusage.googleapis.com/v1/projects/encoded-joy-472514-n7/services/cloudfunctions.googleapis.com:enable [none]
[debug] [2025-09-24T18:17:34.432Z] >>> [apiv2][(partial)header] POST https://serviceusage.googleapis.com/v1/projects/encoded-joy-472514-n7/services/cloudfunctions.googleapis.com:enable x-goog-quota-user=projects/encoded-joy-472514-n7
[debug] [2025-09-24T18:17:35.009Z] <<< [apiv2][status] POST https://serviceusage.googleapis.com/v1/projects/encoded-joy-472514-n7/services/cloudfunctions.googleapis.com:enable 200
[debug] [2025-09-24T18:17:35.009Z] <<< [apiv2][body] POST https://serviceusage.googleapis.com/v1/projects/encoded-joy-472514-n7/services/cloudfunctions.googleapis.com:enable [omitted]
[info] Let's create a new codebase for your functions.
[info] A directory corresponding to the codebase will be created in your project
[info] with sample code pre-configured.

[info] See https://firebase.google.com/docs/functions/organize-functions for
[info] more information on organizing your functions using codebases.

[info] Functions can be deployed with firebase deploy.

[info] +  Wrote functions/package.json 
[info] +  Wrote functions/.eslintrc.js 
[info] +  Wrote functions/tsconfig.dev.json 
[info] +  Wrote functions/tsconfig.json 
[info] +  Wrote functions/src/index.ts 
[info] +  Wrote functions/.gitignore 
[info] 
[info] i  genkit: Installing Genkit CLI version 1.19.3
 
[info] i  genkit: Installing NPM packages for genkit 
[info] +  genkit: Successfully installed NPM packages 
[info] i  genkit: Updating tsconfig.json 
[info] +  genkit: Successfully updated tsconfig.json 
[info] i  genkit: Updating package.json 
[info] +  genkit: Successfully updated package.json 
[info] Telemetry data can be used to monitor and gain insights into your AI features. There may be a cost associated with using this feature. See https://firebase.google.com/docs/genkit/observability/telemetry-collection.
[info] i  genkit: Generating sample file 
[info] +  genkit: Successfully generated sample file (src/genkit-sample.ts) 
[info] 
[info] 
Login to Google Cloud using:
[info]     gcloud auth application-default login --project encoded-joy-472514-n7

[info] Then start the Genkit developer experience by running:
[info]     cd functions && npm run genkit:start
[info] 
=== Functions Setup
[debug] [2025-09-24T18:19:13.294Z] > command requires scopes: ["email","openid","https://www.googleapis.com/auth/cloudplatformprojects.readonly","https://www.googleapis.com/auth/firebase","https://www.googleapis.com/auth/cloud-platform"]
[debug] [2025-09-24T18:19:13.294Z] > authorizing via signed-in user (dpritam28577@gmail.com)
[debug] [2025-09-24T18:19:13.294Z] [iam] checking project encoded-joy-472514-n7 for permissions ["firebase.projects.get"]
[debug] [2025-09-24T18:19:13.294Z] Checked if tokens are valid: true, expires at: 1758741251149
[debug] [2025-09-24T18:19:13.294Z] Checked if tokens are valid: true, expires at: 1758741251149
[debug] [2025-09-24T18:19:13.294Z] >>> [apiv2][query] POST https://cloudresourcemanager.googleapis.com/v1/projects/encoded-joy-472514-n7:testIamPermissions [none]
[debug] [2025-09-24T18:19:13.294Z] >>> [apiv2][(partial)header] POST https://cloudresourcemanager.googleapis.com/v1/projects/encoded-joy-472514-n7:testIamPermissions x-goog-quota-user=projects/encoded-joy-472514-n7
[debug] [2025-09-24T18:19:13.294Z] >>> [apiv2][body] POST https://cloudresourcemanager.googleapis.com/v1/projects/encoded-joy-472514-n7:testIamPermissions {"permissions":["firebase.projects.get"]}
[debug] [2025-09-24T18:19:14.908Z] <<< [apiv2][status] POST https://cloudresourcemanager.googleapis.com/v1/projects/encoded-joy-472514-n7:testIamPermissions 200
[debug] [2025-09-24T18:19:14.908Z] <<< [apiv2][body] POST https://cloudresourcemanager.googleapis.com/v1/projects/encoded-joy-472514-n7:testIamPermissions {"permissions":["firebase.projects.get"]}
[info] 
Detected existing codebase(s): default

[info] Let's create a new codebase for your functions.
[info] A directory corresponding to the codebase will be created in your project
[info] with sample code pre-configured.

[info] See https://firebase.google.com/docs/functions/organize-functions for
[info] more information on organizing your functions using codebases.

[info] Functions can be deployed with firebase deploy.

[error] Invalid codebase name. Codebase must be less than 64 characters and can contain only lowercase letters, numeric characters, underscores, and dashes.
[error] Invalid codebase name. Codebase must be less than 64 characters and can contain only lowercase letters, numeric characters, underscores, and dashes.
[error] Invalid codebase name. Codebase must be less than 64 characters and can contain only lowercase letters, numeric characters, underscores, and dashes.
[info] +  Wrote ocrai/package.json 
[info] +  Wrote ocrai/.eslintrc.js 
[info] +  Wrote ocrai/index.js 
[info] +  Wrote ocrai/.gitignore 
[info] 
=== App Hosting Setup
[debug] [2025-09-24T18:20:32.845Z] Checked if tokens are valid: true, expires at: 1758741251149
[debug] [2025-09-24T18:20:32.845Z] Checked if tokens are valid: true, expires at: 1758741251149
[debug] [2025-09-24T18:20:32.845Z] >>> [apiv2][query] GET https://serviceusage.googleapis.com/v1/projects/encoded-joy-472514-n7/services/firebaseapphosting.googleapis.com [none]
[debug] [2025-09-24T18:20:32.845Z] >>> [apiv2][(partial)header] GET https://serviceusage.googleapis.com/v1/projects/encoded-joy-472514-n7/services/firebaseapphosting.googleapis.com x-goog-quota-user=projects/encoded-joy-472514-n7
[debug] [2025-09-24T18:20:34.806Z] <<< [apiv2][status] GET https://serviceusage.googleapis.com/v1/projects/encoded-joy-472514-n7/services/firebaseapphosting.googleapis.com 200
[debug] [2025-09-24T18:20:34.806Z] <<< [apiv2][body] GET https://serviceusage.googleapis.com/v1/projects/encoded-joy-472514-n7/services/firebaseapphosting.googleapis.com [omitted]
[debug] [2025-09-24T18:20:34.806Z] Checked if tokens are valid: true, expires at: 1758741251149
[debug] [2025-09-24T18:20:34.806Z] Checked if tokens are valid: true, expires at: 1758741251149
[debug] [2025-09-24T18:20:34.806Z] >>> [apiv2][query] POST https://serviceusage.googleapis.com/v1/projects/encoded-joy-472514-n7/services/firebaseapphosting.googleapis.com:enable [none]
[debug] [2025-09-24T18:20:34.806Z] >>> [apiv2][(partial)header] POST https://serviceusage.googleapis.com/v1/projects/encoded-joy-472514-n7/services/firebaseapphosting.googleapis.com:enable x-goog-quota-user=projects/encoded-joy-472514-n7
[debug] [2025-09-24T18:20:36.672Z] <<< [apiv2][status] POST https://serviceusage.googleapis.com/v1/projects/encoded-joy-472514-n7/services/firebaseapphosting.googleapis.com:enable 200
[debug] [2025-09-24T18:20:36.672Z] <<< [apiv2][body] POST https://serviceusage.googleapis.com/v1/projects/encoded-joy-472514-n7/services/firebaseapphosting.googleapis.com:enable [omitted]
[debug] [2025-09-24T18:20:46.689Z] Checked if tokens are valid: true, expires at: 1758741251149
[debug] [2025-09-24T18:20:46.689Z] Checked if tokens are valid: true, expires at: 1758741251149
[debug] [2025-09-24T18:20:46.690Z] Checked if tokens are valid: true, expires at: 1758741251149
[debug] [2025-09-24T18:20:46.690Z] Checked if tokens are valid: true, expires at: 1758741251149
[debug] [2025-09-24T18:20:46.690Z] Checked if tokens are valid: true, expires at: 1758741251149
[debug] [2025-09-24T18:20:46.690Z] Checked if tokens are valid: true, expires at: 1758741251149
[debug] [2025-09-24T18:20:46.690Z] Checked if tokens are valid: true, expires at: 1758741251149
[debug] [2025-09-24T18:20:46.690Z] Checked if tokens are valid: true, expires at: 1758741251149
[debug] [2025-09-24T18:20:46.690Z] Checked if tokens are valid: true, expires at: 1758741251149
[debug] [2025-09-24T18:20:46.690Z] Checked if tokens are valid: true, expires at: 1758741251149
[debug] [2025-09-24T18:20:46.690Z] Checked if tokens are valid: true, expires at: 1758741251149
[debug] [2025-09-24T18:20:46.690Z] Checked if tokens are valid: true, expires at: 1758741251149
[debug] [2025-09-24T18:20:46.690Z] >>> [apiv2][query] GET https://serviceusage.googleapis.com/v1/projects/encoded-joy-472514-n7/services/developerconnect.googleapis.com [none]
[debug] [2025-09-24T18:20:46.690Z] >>> [apiv2][(partial)header] GET https://serviceusage.googleapis.com/v1/projects/encoded-joy-472514-n7/services/developerconnect.googleapis.com x-goog-quota-user=projects/encoded-joy-472514-n7
[debug] [2025-09-24T18:20:46.691Z] >>> [apiv2][query] GET https://serviceusage.googleapis.com/v1/projects/encoded-joy-472514-n7/services/cloudbuild.googleapis.com [none]
[debug] [2025-09-24T18:20:46.691Z] >>> [apiv2][(partial)header] GET https://serviceusage.googleapis.com/v1/projects/encoded-joy-472514-n7/services/cloudbuild.googleapis.com x-goog-quota-user=projects/encoded-joy-472514-n7
[debug] [2025-09-24T18:20:46.691Z] >>> [apiv2][query] GET https://serviceusage.googleapis.com/v1/projects/encoded-joy-472514-n7/services/secretmanager.googleapis.com [none]
[debug] [2025-09-24T18:20:46.691Z] >>> [apiv2][(partial)header] GET https://serviceusage.googleapis.com/v1/projects/encoded-joy-472514-n7/services/secretmanager.googleapis.com x-goog-quota-user=projects/encoded-joy-472514-n7
[debug] [2025-09-24T18:20:46.692Z] >>> [apiv2][query] GET https://serviceusage.googleapis.com/v1/projects/encoded-joy-472514-n7/services/run.googleapis.com [none]
[debug] [2025-09-24T18:20:46.692Z] >>> [apiv2][(partial)header] GET https://serviceusage.googleapis.com/v1/projects/encoded-joy-472514-n7/services/run.googleapis.com x-goog-quota-user=projects/encoded-joy-472514-n7
[debug] [2025-09-24T18:20:46.693Z] >>> [apiv2][query] GET https://serviceusage.googleapis.com/v1/projects/encoded-joy-472514-n7/services/artifactregistry.googleapis.com [none]
[debug] [2025-09-24T18:20:46.693Z] >>> [apiv2][(partial)header] GET https://serviceusage.googleapis.com/v1/projects/encoded-joy-472514-n7/services/artifactregistry.googleapis.com x-goog-quota-user=projects/encoded-joy-472514-n7
[debug] [2025-09-24T18:20:46.693Z] >>> [apiv2][query] GET https://serviceusage.googleapis.com/v1/projects/encoded-joy-472514-n7/services/iam.googleapis.com [none]
[debug] [2025-09-24T18:20:46.693Z] >>> [apiv2][(partial)header] GET https://serviceusage.googleapis.com/v1/projects/encoded-joy-472514-n7/services/iam.googleapis.com x-goog-quota-user=projects/encoded-joy-472514-n7
[debug] [2025-09-24T18:20:48.609Z] <<< [apiv2][status] GET https://serviceusage.googleapis.com/v1/projects/encoded-joy-472514-n7/services/secretmanager.googleapis.com 200
[debug] [2025-09-24T18:20:48.609Z] <<< [apiv2][body] GET https://serviceusage.googleapis.com/v1/projects/encoded-joy-472514-n7/services/secretmanager.googleapis.com [omitted]
[debug] [2025-09-24T18:20:48.611Z] <<< [apiv2][status] GET https://serviceusage.googleapis.com/v1/projects/encoded-joy-472514-n7/services/developerconnect.googleapis.com 200
[debug] [2025-09-24T18:20:48.611Z] <<< [apiv2][body] GET https://serviceusage.googleapis.com/v1/projects/encoded-joy-472514-n7/services/developerconnect.googleapis.com [omitted]
[debug] [2025-09-24T18:20:48.611Z] Checked if tokens are valid: true, expires at: 1758741251149
[debug] [2025-09-24T18:20:48.611Z] Checked if tokens are valid: true, expires at: 1758741251149
[debug] [2025-09-24T18:20:48.612Z] >>> [apiv2][query] POST https://serviceusage.googleapis.com/v1/projects/encoded-joy-472514-n7/services/developerconnect.googleapis.com:enable [none]
[debug] [2025-09-24T18:20:48.612Z] >>> [apiv2][(partial)header] POST https://serviceusage.googleapis.com/v1/projects/encoded-joy-472514-n7/services/developerconnect.googleapis.com:enable x-goog-quota-user=projects/encoded-joy-472514-n7
[debug] [2025-09-24T18:20:48.613Z] <<< [apiv2][status] GET https://serviceusage.googleapis.com/v1/projects/encoded-joy-472514-n7/services/run.googleapis.com 200
[debug] [2025-09-24T18:20:48.613Z] <<< [apiv2][body] GET https://serviceusage.googleapis.com/v1/projects/encoded-joy-472514-n7/services/run.googleapis.com [omitted]
[debug] [2025-09-24T18:20:48.633Z] <<< [apiv2][status] GET https://serviceusage.googleapis.com/v1/projects/encoded-joy-472514-n7/services/cloudbuild.googleapis.com 200
[debug] [2025-09-24T18:20:48.633Z] <<< [apiv2][body] GET https://serviceusage.googleapis.com/v1/projects/encoded-joy-472514-n7/services/cloudbuild.googleapis.com [omitted]
[debug] [2025-09-24T18:20:48.636Z] <<< [apiv2][status] GET https://serviceusage.googleapis.com/v1/projects/encoded-joy-472514-n7/services/artifactregistry.googleapis.com 200
[debug] [2025-09-24T18:20:48.636Z] <<< [apiv2][body] GET https://serviceusage.googleapis.com/v1/projects/encoded-joy-472514-n7/services/artifactregistry.googleapis.com [omitted]
[debug] [2025-09-24T18:20:48.643Z] <<< [apiv2][status] GET https://serviceusage.googleapis.com/v1/projects/encoded-joy-472514-n7/services/iam.googleapis.com 200
[debug] [2025-09-24T18:20:48.643Z] <<< [apiv2][body] GET https://serviceusage.googleapis.com/v1/projects/encoded-joy-472514-n7/services/iam.googleapis.com [omitted]
[debug] [2025-09-24T18:20:49.144Z] <<< [apiv2][status] POST https://serviceusage.googleapis.com/v1/projects/encoded-joy-472514-n7/services/developerconnect.googleapis.com:enable 200
[debug] [2025-09-24T18:20:49.144Z] <<< [apiv2][body] POST https://serviceusage.googleapis.com/v1/projects/encoded-joy-472514-n7/services/developerconnect.googleapis.com:enable [omitted]
[debug] [2025-09-24T18:20:59.149Z] Checked if tokens are valid: true, expires at: 1758741251149
[debug] [2025-09-24T18:20:59.149Z] Checked if tokens are valid: true, expires at: 1758741251149
[debug] [2025-09-24T18:20:59.149Z] >>> [apiv2][query] POST https://iam.googleapis.com/v1/projects/encoded-joy-472514-n7/serviceAccounts/firebase-app-hosting-compute@encoded-joy-472514-n7.iam.gserviceaccount.com:testIamPermissions [none]
[debug] [2025-09-24T18:20:59.149Z] >>> [apiv2][(partial)header] POST https://iam.googleapis.com/v1/projects/encoded-joy-472514-n7/serviceAccounts/firebase-app-hosting-compute@encoded-joy-472514-n7.iam.gserviceaccount.com:testIamPermissions x-goog-quota-user=projects/encoded-joy-472514-n7
[debug] [2025-09-24T18:20:59.149Z] >>> [apiv2][body] POST https://iam.googleapis.com/v1/projects/encoded-joy-472514-n7/serviceAccounts/firebase-app-hosting-compute@encoded-joy-472514-n7.iam.gserviceaccount.com:testIamPermissions {"permissions":["iam.serviceAccounts.actAs"]}
[debug] [2025-09-24T18:21:01.320Z] <<< [apiv2][status] POST https://iam.googleapis.com/v1/projects/encoded-joy-472514-n7/serviceAccounts/firebase-app-hosting-compute@encoded-joy-472514-n7.iam.gserviceaccount.com:testIamPermissions 404
[debug] [2025-09-24T18:21:01.320Z] <<< [apiv2][body] POST https://iam.googleapis.com/v1/projects/encoded-joy-472514-n7/serviceAccounts/firebase-app-hosting-compute@encoded-joy-472514-n7.iam.gserviceaccount.com:testIamPermissions {"error":{"code":404,"message":"Unknown service account","status":"NOT_FOUND"}}
[debug] [2025-09-24T18:21:01.320Z] Checked if tokens are valid: true, expires at: 1758741251149
[debug] [2025-09-24T18:21:01.320Z] Checked if tokens are valid: true, expires at: 1758741251149
[debug] [2025-09-24T18:21:01.320Z] >>> [apiv2][query] POST https://iam.googleapis.com/v1/projects/encoded-joy-472514-n7/serviceAccounts [none]
[debug] [2025-09-24T18:21:01.320Z] >>> [apiv2][body] POST https://iam.googleapis.com/v1/projects/encoded-joy-472514-n7/serviceAccounts {"accountId":"firebase-app-hosting-compute","serviceAccount":{"displayName":"Firebase App Hosting compute service account","description":"Default service account used to run builds and deploys for Firebase App Hosting"}}
[debug] [2025-09-24T18:21:03.412Z] <<< [apiv2][status] POST https://iam.googleapis.com/v1/projects/encoded-joy-472514-n7/serviceAccounts 200
[debug] [2025-09-24T18:21:03.412Z] <<< [apiv2][body] POST https://iam.googleapis.com/v1/projects/encoded-joy-472514-n7/serviceAccounts [omitted]
[debug] [2025-09-24T18:21:03.413Z] Checked if tokens are valid: true, expires at: 1758741251149
[debug] [2025-09-24T18:21:03.413Z] Checked if tokens are valid: true, expires at: 1758741251149
[debug] [2025-09-24T18:21:03.413Z] >>> [apiv2][query] POST https://cloudresourcemanager.googleapis.com/v1/projects/encoded-joy-472514-n7:getIamPolicy [none]
[debug] [2025-09-24T18:21:05.110Z] <<< [apiv2][status] POST https://cloudresourcemanager.googleapis.com/v1/projects/encoded-joy-472514-n7:getIamPolicy 200
[debug] [2025-09-24T18:21:05.111Z] <<< [apiv2][body] POST https://cloudresourcemanager.googleapis.com/v1/projects/encoded-joy-472514-n7:getIamPolicy {"version":1,"etag":"BwY/kBF5zcw=","bindings":[{"role":"roles/artifactregistry.serviceAgent","members":["serviceAccount:service-779116345230@gcp-sa-artifactregistry.iam.gserviceaccount.com"]},{"role":"roles/artifactregistry.writer","members":["serviceAccount:779116345230-compute@developer.gserviceaccount.com"]},{"role":"roles/cloudbuild.builds.builder","members":["serviceAccount:779116345230@cloudbuild.gserviceaccount.com"]},{"role":"roles/cloudbuild.serviceAgent","members":["serviceAccount:service-779116345230@gcp-sa-cloudbuild.iam.gserviceaccount.com"]},{"role":"roles/cloudfunctions.serviceAgent","members":["serviceAccount:service-779116345230@gcf-admin-robot.iam.gserviceaccount.com"]},{"role":"roles/containeranalysis.ServiceAgent","members":["serviceAccount:service-779116345230@container-analysis.iam.gserviceaccount.com"]},{"role":"roles/containerregistry.ServiceAgent","members":["serviceAccount:service-779116345230@containerregistry.iam.gserviceaccount.com"]},{"role":"roles/editor","members":["serviceAccount:779116345230-compute@developer.gserviceaccount.com","serviceAccount:encoded-joy-472514-n7@appspot.gserviceaccount.com"]},{"role":"roles/firebase.managementServiceAgent","members":["serviceAccount:service-779116345230@gcp-sa-firebase.iam.gserviceaccount.com"]},{"role":"roles/firebase.sdkAdminServiceAgent","members":["serviceAccount:firebase-adminsdk-fbsvc@encoded-joy-472514-n7.iam.gserviceaccount.com"]},{"role":"roles/iam.serviceAccountTokenCreator","members":["serviceAccount:firebase-adminsdk-fbsvc@encoded-joy-472514-n7.iam.gserviceaccount.com"]},{"role":"roles/iam.serviceAccountUser","members":["serviceAccount:779116345230-compute@developer.gserviceaccount.com"]},{"role":"roles/logging.logWriter","members":["serviceAccount:779116345230-compute@developer.gserviceaccount.com"]},{"role":"roles/owner","members":["serviceAccount:ocr-service-account@encoded-joy-472514-n7.iam.gserviceaccount.com","user:dpritam28577@gmail.com","user:hanu9156@gmail.com","user:obolustrades@gmail.com"]},{"role":"roles/run.admin","members":["serviceAccount:779116345230-compute@developer.gserviceaccount.com"]},{"role":"roles/run.serviceAgent","members":["serviceAccount:service-779116345230@serverless-robot-prod.iam.gserviceaccount.com"]}]}
[debug] [2025-09-24T18:21:05.111Z] Checked if tokens are valid: true, expires at: 1758741251149
[debug] [2025-09-24T18:21:05.111Z] Checked if tokens are valid: true, expires at: 1758741251149
[debug] [2025-09-24T18:21:05.111Z] >>> [apiv2][query] POST https://cloudresourcemanager.googleapis.com/v1/projects/encoded-joy-472514-n7:setIamPolicy [none]
[debug] [2025-09-24T18:21:05.111Z] >>> [apiv2][body] POST https://cloudresourcemanager.googleapis.com/v1/projects/encoded-joy-472514-n7:setIamPolicy {"policy":{"version":1,"etag":"BwY/kBF5zcw=","bindings":[{"role":"roles/artifactregistry.serviceAgent","members":["serviceAccount:service-779116345230@gcp-sa-artifactregistry.iam.gserviceaccount.com"]},{"role":"roles/artifactregistry.writer","members":["serviceAccount:779116345230-compute@developer.gserviceaccount.com"]},{"role":"roles/cloudbuild.builds.builder","members":["serviceAccount:779116345230@cloudbuild.gserviceaccount.com"]},{"role":"roles/cloudbuild.serviceAgent","members":["serviceAccount:service-779116345230@gcp-sa-cloudbuild.iam.gserviceaccount.com"]},{"role":"roles/cloudfunctions.serviceAgent","members":["serviceAccount:service-779116345230@gcf-admin-robot.iam.gserviceaccount.com"]},{"role":"roles/containeranalysis.ServiceAgent","members":["serviceAccount:service-779116345230@container-analysis.iam.gserviceaccount.com"]},{"role":"roles/containerregistry.ServiceAgent","members":["serviceAccount:service-779116345230@containerregistry.iam.gserviceaccount.com"]},{"role":"roles/editor","members":["serviceAccount:779116345230-compute@developer.gserviceaccount.com","serviceAccount:encoded-joy-472514-n7@appspot.gserviceaccount.com"]},{"role":"roles/firebase.managementServiceAgent","members":["serviceAccount:service-779116345230@gcp-sa-firebase.iam.gserviceaccount.com"]},{"role":"roles/firebase.sdkAdminServiceAgent","members":["serviceAccount:firebase-adminsdk-fbsvc@encoded-joy-472514-n7.iam.gserviceaccount.com","serviceAccount:firebase-app-hosting-compute@encoded-joy-472514-n7.iam.gserviceaccount.com"]},{"role":"roles/iam.serviceAccountTokenCreator","members":["serviceAccount:firebase-adminsdk-fbsvc@encoded-joy-472514-n7.iam.gserviceaccount.com"]},{"role":"roles/iam.serviceAccountUser","members":["serviceAccount:779116345230-compute@developer.gserviceaccount.com"]},{"role":"roles/logging.logWriter","members":["serviceAccount:779116345230-compute@developer.gserviceaccount.com"]},{"role":"roles/owner","members":["serviceAccount:ocr-service-account@encoded-joy-472514-n7.iam.gserviceaccount.com","user:dpritam28577@gmail.com","user:hanu9156@gmail.com","user:obolustrades@gmail.com"]},{"role":"roles/run.admin","members":["serviceAccount:779116345230-compute@developer.gserviceaccount.com"]},{"role":"roles/run.serviceAgent","members":["serviceAccount:service-779116345230@serverless-robot-prod.iam.gserviceaccount.com"]},{"role":"roles/firebaseapphosting.computeRunner","members":["serviceAccount:firebase-app-hosting-compute@encoded-joy-472514-n7.iam.gserviceaccount.com"]},{"role":"roles/developerconnect.readTokenAccessor","members":["serviceAccount:firebase-app-hosting-compute@encoded-joy-472514-n7.iam.gserviceaccount.com"]},{"role":"roles/storage.objectViewer","members":["serviceAccount:firebase-app-hosting-compute@encoded-joy-472514-n7.iam.gserviceaccount.com"]}]},"updateMask":"bindings"}
[debug] [2025-09-24T18:21:06.148Z] <<< [apiv2][status] POST https://cloudresourcemanager.googleapis.com/v1/projects/encoded-joy-472514-n7:setIamPolicy 200
[debug] [2025-09-24T18:21:06.148Z] <<< [apiv2][body] POST https://cloudresourcemanager.googleapis.com/v1/projects/encoded-joy-472514-n7:setIamPolicy {"version":1,"etag":"BwY/kB2K0VY=","bindings":[{"role":"roles/artifactregistry.serviceAgent","members":["serviceAccount:service-779116345230@gcp-sa-artifactregistry.iam.gserviceaccount.com"]},{"role":"roles/artifactregistry.writer","members":["serviceAccount:779116345230-compute@developer.gserviceaccount.com"]},{"role":"roles/cloudbuild.builds.builder","members":["serviceAccount:779116345230@cloudbuild.gserviceaccount.com"]},{"role":"roles/cloudbuild.serviceAgent","members":["serviceAccount:service-779116345230@gcp-sa-cloudbuild.iam.gserviceaccount.com"]},{"role":"roles/cloudfunctions.serviceAgent","members":["serviceAccount:service-779116345230@gcf-admin-robot.iam.gserviceaccount.com"]},{"role":"roles/containeranalysis.ServiceAgent","members":["serviceAccount:service-779116345230@container-analysis.iam.gserviceaccount.com"]},{"role":"roles/containerregistry.ServiceAgent","members":["serviceAccount:service-779116345230@containerregistry.iam.gserviceaccount.com"]},{"role":"roles/developerconnect.readTokenAccessor","members":["serviceAccount:firebase-app-hosting-compute@encoded-joy-472514-n7.iam.gserviceaccount.com"]},{"role":"roles/editor","members":["serviceAccount:779116345230-compute@developer.gserviceaccount.com","serviceAccount:encoded-joy-472514-n7@appspot.gserviceaccount.com"]},{"role":"roles/firebase.managementServiceAgent","members":["serviceAccount:service-779116345230@gcp-sa-firebase.iam.gserviceaccount.com"]},{"role":"roles/firebase.sdkAdminServiceAgent","members":["serviceAccount:firebase-adminsdk-fbsvc@encoded-joy-472514-n7.iam.gserviceaccount.com","serviceAccount:firebase-app-hosting-compute@encoded-joy-472514-n7.iam.gserviceaccount.com"]},{"role":"roles/firebaseapphosting.computeRunner","members":["serviceAccount:firebase-app-hosting-compute@encoded-joy-472514-n7.iam.gserviceaccount.com"]},{"role":"roles/iam.serviceAccountTokenCreator","members":["serviceAccount:firebase-adminsdk-fbsvc@encoded-joy-472514-n7.iam.gserviceaccount.com"]},{"role":"roles/iam.serviceAccountUser","members":["serviceAccount:779116345230-compute@developer.gserviceaccount.com"]},{"role":"roles/logging.logWriter","members":["serviceAccount:779116345230-compute@developer.gserviceaccount.com"]},{"role":"roles/owner","members":["serviceAccount:ocr-service-account@encoded-joy-472514-n7.iam.gserviceaccount.com","user:dpritam28577@gmail.com","user:hanu9156@gmail.com","user:obolustrades@gmail.com"]},{"role":"roles/run.admin","members":["serviceAccount:779116345230-compute@developer.gserviceaccount.com"]},{"role":"roles/run.serviceAgent","members":["serviceAccount:service-779116345230@serverless-robot-prod.iam.gserviceaccount.com"]},{"role":"roles/storage.objectViewer","members":["serviceAccount:firebase-app-hosting-compute@encoded-joy-472514-n7.iam.gserviceaccount.com"]}]}
[info] i  This command links your local project to Firebase App Hosting. You will be able to deploy your web app with `firebase deploy` after setup. 
[debug] [2025-09-24T18:21:12.139Z] Checked if tokens are valid: true, expires at: 1758741251149
[debug] [2025-09-24T18:21:12.139Z] Checked if tokens are valid: true, expires at: 1758741251149
[debug] [2025-09-24T18:21:12.139Z] >>> [apiv2][query] GET https://firebaseapphosting.googleapis.com/v1beta/projects/encoded-joy-472514-n7/locations/-/backends 
[debug] [2025-09-24T18:21:14.473Z] <<< [apiv2][status] GET https://firebaseapphosting.googleapis.com/v1beta/projects/encoded-joy-472514-n7/locations/-/backends 200
[debug] [2025-09-24T18:21:14.473Z] <<< [apiv2][body] GET https://firebaseapphosting.googleapis.com/v1beta/projects/encoded-joy-472514-n7/locations/-/backends {}
[debug] [2025-09-24T18:21:23.893Z] ExitPromptError: User force closed the prompt with SIGINT
    at Interface.sigint (C:\Users\dprit\AppData\Roaming\npm\node_modules\firebase-tools\node_modules\@inquirer\core\dist\commonjs\lib\create-prompt.js:101:37)
    at Interface.emit (node:events:518:28)
    at Interface.emit (node:domain:489:12)
    at [_ttyWrite] [as _ttyWrite] (node:internal/readline/interface:1128:18)
    at ReadStream.onkeypress (node:internal/readline/interface:267:20)
    at ReadStream.emit (node:events:530:35)
    at ReadStream.emit (node:domain:489:12)
    at emitKeys (node:internal/readline/utils:370:14)
    at emitKeys.next (<anonymous>)
    at ReadStream.onData (node:internal/readline/emitKeypressEvents:64:36)
[error] 
[error] Error: An unexpected error has occurred.
